::1 - - [18/Dec/2019:08:20:53 -0500] "GET /phpinfo HTTP/1.1" 404 196
::1 - - [18/Dec/2019:08:20:53 -0500] "GET /favicon.ico HTTP/1.1" 404 196
::1 - - [18/Dec/2019:08:20:59 -0500] "GET /phpinfo.php HTTP/1.1" 200 75614
::1 - - [18/Dec/2019:10:08:11 -0500] "GET /index.php HTTP/1.1" 404 196
::1 - - [18/Dec/2019:10:08:16 -0500] "GET /index.html HTTP/1.1" 200 3448
::1 - - [18/Dec/2019:10:12:52 -0500] "GET /index.html HTTP/1.1" 200 3614
::1 - - [18/Dec/2019:10:13:52 -0500] "GET /index.html HTTP/1.1" 200 2909
::1 - - [18/Dec/2019:10:19:44 -0500] "GET /index.html HTTP/1.1" 200 2913
::1 - - [18/Dec/2019:10:20:07 -0500] "GET /index.html HTTP/1.1" 200 2914
::1 - - [18/Dec/2019:10:20:08 -0500] "GET /storage/data.csv HTTP/1.1" 200 2402
::1 - - [18/Dec/2019:10:22:27 -0500] "GET /index.html HTTP/1.1" 200 2159
::1 - - [18/Dec/2019:10:22:27 -0500] "GET /js/main.js HTTP/1.1" 200 -
::1 - - [18/Dec/2019:10:22:27 -0500] "GET /css/main.css HTTP/1.1" 200 764
::1 - - [18/Dec/2019:10:22:32 -0500] "GET /css/main.css HTTP/1.1" 304 -
::1 - - [18/Dec/2019:10:24:33 -0500] "GET /index.html HTTP/1.1" 200 2256
::1 - - [18/Dec/2019:10:24:33 -0500] "GET /js/main.js HTTP/1.1" 304 -
::1 - - [18/Dec/2019:10:24:33 -0500] "GET /css/main.css HTTP/1.1" 304 -
::1 - - [18/Dec/2019:10:25:21 -0500] "GET /index.html HTTP/1.1" 200 2287
::1 - - [18/Dec/2019:10:25:21 -0500] "GET /js/main.js HTTP/1.1" 304 -
::1 - - [18/Dec/2019:10:25:21 -0500] "GET /css/main.css HTTP/1.1" 304 -
::1 - - [18/Dec/2019:10:25:57 -0500] "GET /index.html HTTP/1.1" 200 2335
::1 - - [18/Dec/2019:10:25:57 -0500] "GET /js/main.js HTTP/1.1" 304 -
::1 - - [18/Dec/2019:10:25:57 -0500] "GET /css/main.css HTTP/1.1" 304 -
::1 - - [18/Dec/2019:10:27:27 -0500] "GET /index.html HTTP/1.1" 200 2337
::1 - - [18/Dec/2019:10:27:27 -0500] "GET /js/main.js HTTP/1.1" 304 -
::1 - - [18/Dec/2019:10:27:27 -0500] "GET /css/main.css HTTP/1.1" 304 -
::1 - - [18/Dec/2019:10:27:59 -0500] "GET /index.html HTTP/1.1" 200 2345
::1 - - [18/Dec/2019:10:27:59 -0500] "GET /css/main.css HTTP/1.1" 304 -
::1 - - [18/Dec/2019:10:29:57 -0500] "GET /index.html HTTP/1.1" 200 2335
::1 - - [18/Dec/2019:10:29:57 -0500] "GET /js/main.js HTTP/1.1" 304 -
::1 - - [18/Dec/2019:10:29:57 -0500] "GET /css/main.css HTTP/1.1" 200 831
::1 - - [18/Dec/2019:10:30:20 -0500] "GET /css/main.css HTTP/1.1" 304 -
::1 - - [18/Dec/2019:10:31:02 -0500] "GET /index.html HTTP/1.1" 200 2335
::1 - - [18/Dec/2019:10:31:02 -0500] "GET /js/main.js HTTP/1.1" 304 -
::1 - - [18/Dec/2019:10:31:02 -0500] "GET /css/main.css HTTP/1.1" 304 -
::1 - - [18/Dec/2019:10:32:36 -0500] "GET /index.html HTTP/1.1" 200 2335
::1 - - [18/Dec/2019:10:32:36 -0500] "GET /js/main.js HTTP/1.1" 304 -
::1 - - [18/Dec/2019:10:32:36 -0500] "GET /css/main.css HTTP/1.1" 200 832
::1 - - [18/Dec/2019:10:33:16 -0500] "GET /index.html HTTP/1.1" 404 196
::1 - - [18/Dec/2019:10:33:21 -0500] "GET /index.php HTTP/1.1" 200 2335
::1 - - [18/Dec/2019:10:33:21 -0500] "GET /css/main.css HTTP/1.1" 304 -
::1 - - [18/Dec/2019:10:39:26 -0500] "GET /index.php HTTP/1.1" 200 2405
::1 - - [18/Dec/2019:10:39:26 -0500] "GET /js/main.js HTTP/1.1" 304 -
::1 - - [18/Dec/2019:10:39:26 -0500] "GET /css/main.css HTTP/1.1" 304 -
::1 - - [18/Dec/2019:10:40:05 -0500] "GET /index.php HTTP/1.1" 200 2475
::1 - - [18/Dec/2019:10:40:37 -0500] "GET /index.php HTTP/1.1" 200 2498
::1 - - [18/Dec/2019:10:40:37 -0500] "GET /css/main.css HTTP/1.1" 304 -
::1 - - [18/Dec/2019:10:40:53 -0500] "GET /index.php HTTP/1.1" 200 2509
::1 - - [18/Dec/2019:10:42:20 -0500] "GET /index.php HTTP/1.1" 200 2523
::1 - - [18/Dec/2019:10:42:20 -0500] "GET /js/main.js HTTP/1.1" 304 -
::1 - - [18/Dec/2019:10:42:20 -0500] "GET /css/main.css HTTP/1.1" 200 866
::1 - - [18/Dec/2019:10:42:56 -0500] "GET /index.php HTTP/1.1" 200 2536
::1 - - [18/Dec/2019:10:42:56 -0500] "GET /css/main.css HTTP/1.1" 304 -
::1 - - [18/Dec/2019:10:43:39 -0500] "GET /index.php HTTP/1.1" 200 2531
::1 - - [18/Dec/2019:10:43:40 -0500] "GET /css/main.css HTTP/1.1" 304 -
::1 - - [18/Dec/2019:10:46:58 -0500] "GET /index.php HTTP/1.1" 200 2583
::1 - - [18/Dec/2019:10:46:58 -0500] "GET /js/main.js HTTP/1.1" 200 92
::1 - - [18/Dec/2019:10:46:58 -0500] "GET /css/main.css HTTP/1.1" 304 -
::1 - - [18/Dec/2019:10:49:48 -0500] "GET /index.php HTTP/1.1" 200 2589
::1 - - [18/Dec/2019:10:49:48 -0500] "GET /js/main.js HTTP/1.1" 200 252
::1 - - [18/Dec/2019:10:49:48 -0500] "GET /css/main.css HTTP/1.1" 304 -
::1 - - [18/Dec/2019:10:51:30 -0500] "GET /index.php HTTP/1.1" 200 2640
::1 - - [18/Dec/2019:10:51:30 -0500] "GET /js/main.js HTTP/1.1" 200 254
::1 - - [18/Dec/2019:10:51:30 -0500] "GET /css/main.css HTTP/1.1" 304 -
::1 - - [18/Dec/2019:10:52:20 -0500] "GET /index.php HTTP/1.1" 200 2645
::1 - - [18/Dec/2019:10:52:20 -0500] "GET /js/main.js HTTP/1.1" 304 -
::1 - - [18/Dec/2019:10:52:52 -0500] "GET /index.php HTTP/1.1" 200 2619
::1 - - [18/Dec/2019:10:52:52 -0500] "GET /js/main.js HTTP/1.1" 304 -
::1 - - [18/Dec/2019:10:52:52 -0500] "GET /css/main.css HTTP/1.1" 304 -
::1 - - [18/Dec/2019:10:54:12 -0500] "GET /index.php HTTP/1.1" 200 2835
::1 - - [18/Dec/2019:10:54:12 -0500] "GET /js/main.js HTTP/1.1" 304 -
::1 - - [18/Dec/2019:10:54:12 -0500] "GET /css/main.css HTTP/1.1" 304 -
::1 - - [18/Dec/2019:10:54:30 -0500] "GET /index.php HTTP/1.1" 200 2835
::1 - - [18/Dec/2019:10:54:31 -0500] "GET /js/main.js HTTP/1.1" 200 448
::1 - - [18/Dec/2019:10:55:45 -0500] "GET /index.php HTTP/1.1" 200 3135
::1 - - [18/Dec/2019:10:55:45 -0500] "GET /js/main.js HTTP/1.1" 304 -
::1 - - [18/Dec/2019:10:55:45 -0500] "GET /css/main.css HTTP/1.1" 304 -
::1 - - [18/Dec/2019:10:57:24 -0500] "GET /index.php HTTP/1.1" 200 3477
::1 - - [18/Dec/2019:10:57:24 -0500] "GET /js/main.js HTTP/1.1" 304 -
::1 - - [18/Dec/2019:10:57:24 -0500] "GET /css/main.css HTTP/1.1" 304 -
::1 - - [18/Dec/2019:10:59:07 -0500] "GET /index.php HTTP/1.1" 200 3500
::1 - - [18/Dec/2019:10:59:07 -0500] "GET /js/main.js HTTP/1.1" 304 -
::1 - - [18/Dec/2019:10:59:07 -0500] "GET /css/main.css HTTP/1.1" 304 -
::1 - - [18/Dec/2019:10:59:58 -0500] "GET /index.php HTTP/1.1" 200 3782
::1 - - [18/Dec/2019:10:59:58 -0500] "GET /js/main.js HTTP/1.1" 304 -
::1 - - [18/Dec/2019:11:01:58 -0500] "GET /index.php HTTP/1.1" 200 3488
::1 - - [18/Dec/2019:11:01:58 -0500] "GET /css/main.css HTTP/1.1" 304 -
::1 - - [18/Dec/2019:11:01:58 -0500] "GET /js/main.js HTTP/1.1" 200 479
::1 - - [18/Dec/2019:11:02:15 -0500] "GET /index.php HTTP/1.1" 200 3396
::1 - - [18/Dec/2019:11:02:16 -0500] "GET /js/main.js HTTP/1.1" 304 -
::1 - - [18/Dec/2019:11:02:50 -0500] "GET /index.php HTTP/1.1" 200 3271
::1 - - [18/Dec/2019:11:02:50 -0500] "GET /js/main.js HTTP/1.1" 304 -
::1 - - [18/Dec/2019:11:03:12 -0500] "GET /index.php HTTP/1.1" 200 3189
::1 - - [18/Dec/2019:11:03:12 -0500] "GET /js/main.js HTTP/1.1" 304 -
::1 - - [18/Dec/2019:11:03:22 -0500] "GET /index.php HTTP/1.1" 200 3198
::1 - - [18/Dec/2019:11:03:23 -0500] "GET /js/main.js HTTP/1.1" 304 -
::1 - - [18/Dec/2019:11:03:52 -0500] "GET /index.php HTTP/1.1" 200 3167
::1 - - [18/Dec/2019:11:03:52 -0500] "GET /js/main.js HTTP/1.1" 304 -
::1 - - [18/Dec/2019:11:06:59 -0500] "GET /index.php HTTP/1.1" 200 3167
::1 - - [18/Dec/2019:11:06:59 -0500] "GET /js/main.js HTTP/1.1" 200 516
::1 - - [18/Dec/2019:11:06:59 -0500] "GET /css/main.css HTTP/1.1" 304 -
::1 - - [18/Dec/2019:11:09:06 -0500] "GET /index.php HTTP/1.1" 200 3167
::1 - - [18/Dec/2019:11:09:06 -0500] "GET /js/main.js HTTP/1.1" 200 537
::1 - - [18/Dec/2019:11:09:41 -0500] "GET /index.php HTTP/1.1" 200 3167
::1 - - [18/Dec/2019:11:09:41 -0500] "GET /js/main.js HTTP/1.1" 200 528
::1 - - [18/Dec/2019:11:09:41 -0500] "GET /css/main.css HTTP/1.1" 304 -
::1 - - [18/Dec/2019:11:10:08 -0500] "GET /index.php HTTP/1.1" 200 3167
::1 - - [18/Dec/2019:11:10:08 -0500] "GET /js/main.js HTTP/1.1" 200 531
::1 - - [18/Dec/2019:11:17:56 -0500] "GET /index.php HTTP/1.1" 200 4347
::1 - - [18/Dec/2019:11:17:56 -0500] "GET /js/main.js HTTP/1.1" 200 534
::1 - - [18/Dec/2019:11:17:56 -0500] "GET /css/main.css HTTP/1.1" 304 -
::1 - - [18/Dec/2019:11:21:01 -0500] "GET /index.php HTTP/1.1" 200 3192
::1 - - [18/Dec/2019:11:21:01 -0500] "GET /js/main.js HTTP/1.1" 304 -
::1 - - [18/Dec/2019:11:22:30 -0500] "GET /index.php HTTP/1.1" 200 5584
::1 - - [18/Dec/2019:11:22:30 -0500] "GET /js/main.js HTTP/1.1" 304 -
::1 - - [18/Dec/2019:11:22:30 -0500] "GET /css/main.css HTTP/1.1" 304 -
::1 - - [18/Dec/2019:11:24:56 -0500] "GET /index.php HTTP/1.1" 200 5640
::1 - - [18/Dec/2019:11:24:56 -0500] "GET /js/main.js HTTP/1.1" 304 -
::1 - - [18/Dec/2019:11:35:57 -0500] "GET /index.php HTTP/1.1" 200 6225
::1 - - [18/Dec/2019:11:35:57 -0500] "GET /js/main.js HTTP/1.1" 304 -
::1 - - [18/Dec/2019:11:35:57 -0500] "GET /css/main.css HTTP/1.1" 304 -
::1 - - [18/Dec/2019:11:36:52 -0500] "GET /index.php HTTP/1.1" 200 6244
::1 - - [18/Dec/2019:11:39:42 -0500] "GET /js/main.js HTTP/1.1" 304 -
::1 - - [18/Dec/2019:11:39:42 -0500] "GET /index.php HTTP/1.1" 200 477008
::1 - - [18/Dec/2019:11:40:23 -0500] "GET /index.php HTTP/1.1" 200 477127
::1 - - [18/Dec/2019:11:41:13 -0500] "GET /index.php HTTP/1.1" 200 6244
::1 - - [18/Dec/2019:11:41:30 -0500] "GET /index.php HTTP/1.1" 200 8646
::1 - - [18/Dec/2019:11:41:30 -0500] "GET /css/main.css HTTP/1.1" 304 -
::1 - - [18/Dec/2019:11:42:17 -0500] "GET /index.php HTTP/1.1" 200 6244
::1 - - [18/Dec/2019:11:44:31 -0500] "GET /index.php HTTP/1.1" 200 6266
::1 - - [18/Dec/2019:11:44:31 -0500] "GET /js/main.js HTTP/1.1" 304 -
::1 - - [18/Dec/2019:11:44:42 -0500] "GET /index.php HTTP/1.1" 200 10947
::1 - - [18/Dec/2019:11:45:19 -0500] "GET /index.php HTTP/1.1" 200 6249
::1 - - [18/Dec/2019:11:48:28 -0500] "GET /index.php HTTP/1.1" 200 6248
::1 - - [18/Dec/2019:11:48:29 -0500] "GET /js/main.js HTTP/1.1" 304 -
::1 - - [18/Dec/2019:11:48:29 -0500] "GET /css/main.css HTTP/1.1" 304 -
::1 - - [18/Dec/2019:11:48:38 -0500] "GET /index.php HTTP/1.1" 200 6254
::1 - - [18/Dec/2019:11:49:02 -0500] "GET /index.php HTTP/1.1" 200 6259
::1 - - [18/Dec/2019:11:49:10 -0500] "GET /index.php HTTP/1.1" 200 6339
::1 - - [18/Dec/2019:11:50:08 -0500] "GET /index.php HTTP/1.1" 200 6256
::1 - - [18/Dec/2019:11:50:41 -0500] "GET /index.php HTTP/1.1" 200 6494
::1 - - [18/Dec/2019:11:50:49 -0500] "GET /index.php HTTP/1.1" 200 157
::1 - - [18/Dec/2019:11:51:03 -0500] "GET /index.html HTTP/1.1" 404 196
::1 - - [18/Dec/2019:11:51:11 -0500] "GET /index.php HTTP/1.1" 200 6260
::1 - - [18/Dec/2019:11:51:33 -0500] "GET /index.php HTTP/1.1" 200 6269
::1 - - [18/Dec/2019:11:51:47 -0500] "GET /index.php HTTP/1.1" 200 6270
::1 - - [18/Dec/2019:11:51:57 -0500] "GET /index.php HTTP/1.1" 200 6273
::1 - - [18/Dec/2019:11:52:08 -0500] "GET /index.php HTTP/1.1" 200 6283
::1 - - [18/Dec/2019:11:52:17 -0500] "GET /index.php HTTP/1.1" 200 6294
::1 - - [18/Dec/2019:11:52:25 -0500] "GET /index.php HTTP/1.1" 200 6294
::1 - - [18/Dec/2019:11:52:25 -0500] "GET /js/main.js HTTP/1.1" 304 -
::1 - - [18/Dec/2019:11:53:45 -0500] "GET /index.php HTTP/1.1" 200 6421
::1 - - [18/Dec/2019:11:54:05 -0500] "GET /index.php HTTP/1.1" 200 8781
::1 - - [18/Dec/2019:11:54:18 -0500] "GET /index.php HTTP/1.1" 200 6299
::1 - - [18/Dec/2019:11:55:17 -0500] "GET /index.php HTTP/1.1" 200 6469
::1 - - [18/Dec/2019:11:55:17 -0500] "GET /css/main.css HTTP/1.1" 304 -
::1 - - [18/Dec/2019:11:57:21 -0500] "GET /index.php HTTP/1.1" 200 6735
::1 - - [18/Dec/2019:11:57:21 -0500] "GET /js/main.js HTTP/1.1" 304 -
::1 - - [18/Dec/2019:11:57:33 -0500] "GET /index.php HTTP/1.1" 200 4248
::1 - - [18/Dec/2019:11:58:11 -0500] "GET /index.php HTTP/1.1" 200 5703
::1 - - [18/Dec/2019:12:00:12 -0500] "GET /index.php HTTP/1.1" 200 124
::1 - - [18/Dec/2019:12:00:21 -0500] "GET /index.php HTTP/1.1" 200 9568
::1 - - [18/Dec/2019:12:01:29 -0500] "GET /index.php HTTP/1.1" 200 23701
::1 - - [18/Dec/2019:12:25:12 -0500] "GET /index.php HTTP/1.1" 200 16997
::1 - - [18/Dec/2019:12:25:12 -0500] "GET /js/main.js HTTP/1.1" 304 -
::1 - - [18/Dec/2019:12:25:12 -0500] "GET /css/main.css HTTP/1.1" 304 -
::1 - - [18/Dec/2019:12:25:57 -0500] "GET /index.php HTTP/1.1" 200 17821
::1 - - [18/Dec/2019:12:26:26 -0500] "GET /index.php HTTP/1.1" 200 17805
::1 - - [18/Dec/2019:12:26:31 -0500] "GET /index.php HTTP/1.1" 200 17821
::1 - - [18/Dec/2019:12:26:38 -0500] "GET /index.php HTTP/1.1" 200 17830
::1 - - [18/Dec/2019:12:26:54 -0500] "GET /index.php HTTP/1.1" 200 17735
::1 - - [18/Dec/2019:12:26:55 -0500] "GET /index.php HTTP/1.1" 200 17735
::1 - - [18/Dec/2019:12:27:02 -0500] "GET /index.php HTTP/1.1" 200 17733
::1 - - [18/Dec/2019:12:27:04 -0500] "GET /index.php HTTP/1.1" 200 17733
::1 - - [18/Dec/2019:12:27:15 -0500] "GET /index.php HTTP/1.1" 200 17728
::1 - - [18/Dec/2019:12:27:46 -0500] "GET /index.php HTTP/1.1" 200 17830
::1 - - [18/Dec/2019:12:28:16 -0500] "GET /index.php HTTP/1.1" 200 17201
::1 - - [18/Dec/2019:12:34:28 -0500] "GET /index.php HTTP/1.1" 200 10759
::1 - - [18/Dec/2019:12:34:28 -0500] "GET /js/main.js HTTP/1.1" 304 -
::1 - - [18/Dec/2019:12:35:06 -0500] "GET /index.php HTTP/1.1" 200 10759
::1 - - [18/Dec/2019:12:36:46 -0500] "GET /index.php HTTP/1.1" 200 13914
::1 - - [18/Dec/2019:12:36:46 -0500] "GET /css/main.css HTTP/1.1" 304 -
::1 - - [18/Dec/2019:12:37:59 -0500] "GET /index.php HTTP/1.1" 200 14255
::1 - - [18/Dec/2019:12:38:18 -0500] "GET /index.php HTTP/1.1" 200 11728
::1 - - [18/Dec/2019:12:38:39 -0500] "GET /index.php HTTP/1.1" 200 10859
::1 - - [18/Dec/2019:12:39:53 -0500] "GET /index.php HTTP/1.1" 200 11728
::1 - - [18/Dec/2019:12:40:10 -0500] "GET /index.php HTTP/1.1" 200 11831
::1 - - [18/Dec/2019:12:41:53 -0500] "GET /index.php HTTP/1.1" 200 12448
::1 - - [18/Dec/2019:12:42:10 -0500] "GET /index.php HTTP/1.1" 200 12372
::1 - - [18/Dec/2019:12:42:24 -0500] "GET /index.php HTTP/1.1" 200 12425
::1 - - [18/Dec/2019:12:42:38 -0500] "GET /index.php HTTP/1.1" 200 11025
::1 - - [18/Dec/2019:12:42:46 -0500] "GET /index.php HTTP/1.1" 200 10987
::1 - - [18/Dec/2019:12:47:14 -0500] "GET /storage/data.csv HTTP/1.1" 304 -
::1 - - [18/Dec/2019:12:49:30 -0500] "GET /index.php HTTP/1.1" 200 10987
::1 - - [18/Dec/2019:12:49:30 -0500] "GET /js/main.js HTTP/1.1" 304 -
::1 - - [18/Dec/2019:12:49:30 -0500] "GET /css/main.css HTTP/1.1" 304 -
::1 - - [18/Dec/2019:12:58:11 -0500] "GET /index.php HTTP/1.1" 200 11858
::1 - - [18/Dec/2019:12:59:26 -0500] "GET /index.php HTTP/1.1" 200 11951
::1 - - [18/Dec/2019:12:59:26 -0500] "GET /js/main.js HTTP/1.1" 304 -
::1 - - [18/Dec/2019:13:00:04 -0500] "GET /index.php HTTP/1.1" 200 12385
::1 - - [18/Dec/2019:13:00:21 -0500] "GET /index.php HTTP/1.1" 200 12381
::1 - - [18/Dec/2019:13:00:45 -0500] "GET /index.php HTTP/1.1" 200 12353
::1 - - [18/Dec/2019:13:02:32 -0500] "GET /index.php HTTP/1.1" 200 13297
::1 - - [18/Dec/2019:13:02:32 -0500] "GET /css/main.css HTTP/1.1" 304 -
::1 - - [18/Dec/2019:13:05:14 -0500] "GET /index.php HTTP/1.1" 200 13329
::1 - - [18/Dec/2019:13:07:17 -0500] "GET /index.php HTTP/1.1" 200 13397
::1 - - [18/Dec/2019:13:07:28 -0500] "GET /index.php HTTP/1.1" 200 13439
::1 - - [18/Dec/2019:13:14:33 -0500] "GET /index.php HTTP/1.1" 200 13465
::1 - - [18/Dec/2019:13:14:33 -0500] "GET /js/main.js HTTP/1.1" 304 -
::1 - - [18/Dec/2019:13:17:32 -0500] "GET /index.php HTTP/1.1" 200 13441
::1 - - [18/Dec/2019:13:17:32 -0500] "GET /css/main.css HTTP/1.1" 304 -
::1 - - [18/Dec/2019:13:23:08 -0500] "GET /index.php HTTP/1.1" 200 13462
::1 - - [18/Dec/2019:13:23:12 -0500] "GET /index.php HTTP/1.1" 200 13462
::1 - - [18/Dec/2019:13:23:22 -0500] "GET /index.php HTTP/1.1" 200 13342
::1 - - [18/Dec/2019:13:25:34 -0500] "GET /index.php HTTP/1.1" 200 13388
::1 - - [18/Dec/2019:13:36:59 -0500] "GET /index.php HTTP/1.1" 200 13389
::1 - - [18/Dec/2019:13:36:59 -0500] "GET /js/main.js HTTP/1.1" 304 -
::1 - - [18/Dec/2019:13:36:59 -0500] "GET /css/main.css HTTP/1.1" 304 -
::1 - - [18/Dec/2019:13:37:54 -0500] "GET /index.php HTTP/1.1" 200 13370
::1 - - [18/Dec/2019:13:38:18 -0500] "GET /index.php HTTP/1.1" 200 13398
::1 - - [18/Dec/2019:13:41:22 -0500] "GET /index.php HTTP/1.1" 200 13414
::1 - - [18/Dec/2019:13:43:17 -0500] "GET /index.php HTTP/1.1" 200 13450
::1 - - [18/Dec/2019:13:43:38 -0500] "GET /index.php HTTP/1.1" 200 13466
::1 - - [18/Dec/2019:13:48:31 -0500] "GET /index.php HTTP/1.1" 200 27110
::1 - - [18/Dec/2019:13:50:38 -0500] "GET /index.php HTTP/1.1" 200 15970
::1 - - [18/Dec/2019:13:50:54 -0500] "GET /index.php HTTP/1.1" 200 15970
::1 - - [18/Dec/2019:13:51:20 -0500] "GET /index.php HTTP/1.1" 200 16210
::1 - - [18/Dec/2019:13:52:02 -0500] "GET /index.php HTTP/1.1" 200 18810
::1 - - [18/Dec/2019:13:52:02 -0500] "GET /js/main.js HTTP/1.1" 304 -
::1 - - [18/Dec/2019:13:52:34 -0500] "GET /index.php HTTP/1.1" 200 15970
::1 - - [18/Dec/2019:13:52:54 -0500] "GET /index.php HTTP/1.1" 200 13410
::1 - - [18/Dec/2019:13:53:28 -0500] "GET /index.php HTTP/1.1" 200 13410
::1 - - [18/Dec/2019:13:54:21 -0500] "GET /index.php HTTP/1.1" 200 16170
::1 - - [18/Dec/2019:13:54:30 -0500] "GET /index.php HTTP/1.1" 200 3359
::1 - - [18/Dec/2019:13:54:30 -0500] "GET /css/main.css HTTP/1.1" 304 -
::1 - - [18/Dec/2019:13:54:36 -0500] "GET /index.php HTTP/1.1" 200 13410
::1 - - [18/Dec/2019:13:55:12 -0500] "GET /index.php HTTP/1.1" 200 13410
::1 - - [18/Dec/2019:13:56:02 -0500] "GET /index.php HTTP/1.1" 200 13410
::1 - - [18/Dec/2019:13:56:04 -0500] "GET /index.php HTTP/1.1" 200 13410
::1 - - [18/Dec/2019:13:56:26 -0500] "GET /index.php HTTP/1.1" 200 13410
::1 - - [18/Dec/2019:13:56:49 -0500] "GET /index.php HTTP/1.1" 200 13415
::1 - - [18/Dec/2019:13:57:12 -0500] "GET /index.php HTTP/1.1" 200 13415
::1 - - [18/Dec/2019:13:57:18 -0500] "GET /index.php HTTP/1.1" 200 13410
::1 - - [18/Dec/2019:13:58:59 -0500] "GET /index.php HTTP/1.1" 200 13578
::1 - - [18/Dec/2019:13:59:37 -0500] "GET /index.php HTTP/1.1" 200 16770
::1 - - [18/Dec/2019:14:00:34 -0500] "GET /index.php HTTP/1.1" 200 14032
::1 - - [18/Dec/2019:14:01:43 -0500] "GET /index.php HTTP/1.1" 200 24602
::1 - - [18/Dec/2019:14:01:56 -0500] "GET /index.php HTTP/1.1" 200 13561
::1 - - [18/Dec/2019:14:02:46 -0500] "GET /index.php HTTP/1.1" 200 13461
::1 - - [18/Dec/2019:14:04:35 -0500] "GET /index.php HTTP/1.1" 200 13470
::1 - - [18/Dec/2019:14:08:06 -0500] "GET /temp.php HTTP/1.1" 200 3302
::1 - - [18/Dec/2019:14:09:15 -0500] "GET /temp.php HTTP/1.1" 200 3107
::1 - - [18/Dec/2019:14:09:52 -0500] "GET /temp.php HTTP/1.1" 200 3107
::1 - - [18/Dec/2019:14:10:07 -0500] "GET /temp.php HTTP/1.1" 200 3835
::1 - - [18/Dec/2019:14:10:34 -0500] "GET /temp.php HTTP/1.1" 200 3851
::1 - - [18/Dec/2019:14:10:36 -0500] "GET /temp.php HTTP/1.1" 200 3851
::1 - - [18/Dec/2019:14:11:49 -0500] "GET /temp.php HTTP/1.1" 200 3836
::1 - - [18/Dec/2019:14:11:51 -0500] "GET /temp.php HTTP/1.1" 200 3836
::1 - - [18/Dec/2019:14:12:04 -0500] "GET /temp.php HTTP/1.1" 200 3104
::1 - - [18/Dec/2019:14:12:11 -0500] "GET /temp.php HTTP/1.1" 200 3103
::1 - - [18/Dec/2019:14:13:28 -0500] "GET /index.php HTTP/1.1" 200 13470
::1 - - [18/Dec/2019:14:13:28 -0500] "GET /js/main.js HTTP/1.1" 304 -
::1 - - [18/Dec/2019:14:13:32 -0500] "GET /temp.php HTTP/1.1" 200 3829
::1 - - [18/Dec/2019:14:13:53 -0500] "GET /temp.php HTTP/1.1" 200 3169
::1 - - [18/Dec/2019:14:42:35 -0500] "GET /index.php HTTP/1.1" 200 5033
::1 - - [18/Dec/2019:14:42:35 -0500] "GET /vendor/fontawesome-free/css/all.min.css HTTP/1.1" 200 55967
::1 - - [18/Dec/2019:14:42:35 -0500] "GET /vendor/datatables/dataTables.bootstrap4.css HTTP/1.1" 200 5799
::1 - - [18/Dec/2019:14:42:35 -0500] "GET /css/sb-admin.css HTTP/1.1" 200 219809
::1 - - [18/Dec/2019:14:42:35 -0500] "GET /vendor/jquery/jquery.min.js HTTP/1.1" 200 88145
::1 - - [18/Dec/2019:14:42:35 -0500] "GET /vendor/jquery-easing/jquery.easing.min.js HTTP/1.1" 200 2532
::1 - - [18/Dec/2019:14:42:35 -0500] "GET /vendor/bootstrap/js/bootstrap.bundle.min.js HTTP/1.1" 200 78635
::1 - - [18/Dec/2019:14:42:35 -0500] "GET /vendor/chart.js/Chart.min.js HTTP/1.1" 200 156721
::1 - - [18/Dec/2019:14:42:35 -0500] "GET /vendor/datatables/jquery.dataTables.js HTTP/1.1" 200 447569
::1 - - [18/Dec/2019:14:42:35 -0500] "GET /vendor/datatables/dataTables.bootstrap4.js HTTP/1.1" 200 4693
::1 - - [18/Dec/2019:14:42:35 -0500] "GET /js/sb-admin.min.js HTTP/1.1" 200 930
::1 - - [18/Dec/2019:14:42:35 -0500] "GET /js/demo/datatables-demo.js HTTP/1.1" 200 103
::1 - - [18/Dec/2019:14:42:35 -0500] "GET /js/demo/chart-area-demo.js HTTP/1.1" 200 1530
::1 - - [18/Dec/2019:14:42:35 -0500] "GET /vendor/bootstrap/js/bootstrap.bundle.min.js.map HTTP/1.1" 200 311949
::1 - - [18/Dec/2019:14:42:35 -0500] "GET /vendor/fontawesome-free/webfonts/fa-solid-900.woff2 HTTP/1.1" 200 75440
::1 - - [18/Dec/2019:14:53:55 -0500] "GET /index.php HTTP/1.1" 200 5527
::1 - - [18/Dec/2019:14:53:55 -0500] "GET /vendor/fontawesome-free/css/all.min.css HTTP/1.1" 304 -
::1 - - [18/Dec/2019:14:53:55 -0500] "GET /vendor/datatables/dataTables.bootstrap4.css HTTP/1.1" 304 -
::1 - - [18/Dec/2019:14:53:55 -0500] "GET /css/sb-admin.css HTTP/1.1" 304 -
::1 - - [18/Dec/2019:14:53:55 -0500] "GET /vendor/jquery/jquery.min.js HTTP/1.1" 304 -
::1 - - [18/Dec/2019:14:53:55 -0500] "GET /vendor/bootstrap/js/bootstrap.bundle.min.js HTTP/1.1" 304 -
::1 - - [18/Dec/2019:14:53:55 -0500] "GET /vendor/jquery-easing/jquery.easing.min.js HTTP/1.1" 304 -
::1 - - [18/Dec/2019:14:53:55 -0500] "GET /vendor/chart.js/Chart.min.js HTTP/1.1" 304 -
::1 - - [18/Dec/2019:14:53:55 -0500] "GET /vendor/datatables/jquery.dataTables.js HTTP/1.1" 304 -
::1 - - [18/Dec/2019:14:53:55 -0500] "GET /vendor/datatables/dataTables.bootstrap4.js HTTP/1.1" 304 -
::1 - - [18/Dec/2019:14:53:55 -0500] "GET /js/sb-admin.min.js HTTP/1.1" 304 -
::1 - - [18/Dec/2019:14:53:55 -0500] "GET /js/demo/datatables-demo.js HTTP/1.1" 304 -
::1 - - [18/Dec/2019:14:53:55 -0500] "GET /js/demo/chart-area-demo.js HTTP/1.1" 304 -
::1 - - [18/Dec/2019:14:53:55 -0500] "GET /vendor/fontawesome-free/webfonts/fa-solid-900.woff2 HTTP/1.1" 304 -
::1 - - [18/Dec/2019:15:01:29 -0500] "GET /index.php HTTP/1.1" 200 5670
::1 - - [18/Dec/2019:15:01:29 -0500] "GET /vendor/fontawesome-free/css/all.min.css HTTP/1.1" 304 -
::1 - - [18/Dec/2019:15:01:29 -0500] "GET /vendor/datatables/dataTables.bootstrap4.css HTTP/1.1" 304 -
::1 - - [18/Dec/2019:15:01:29 -0500] "GET /css/sb-admin.css HTTP/1.1" 304 -
::1 - - [18/Dec/2019:15:01:29 -0500] "GET /vendor/jquery/jquery.min.js HTTP/1.1" 304 -
::1 - - [18/Dec/2019:15:01:29 -0500] "GET /vendor/jquery-easing/jquery.easing.min.js HTTP/1.1" 304 -
::1 - - [18/Dec/2019:15:01:29 -0500] "GET /vendor/bootstrap/js/bootstrap.bundle.min.js HTTP/1.1" 304 -
::1 - - [18/Dec/2019:15:01:29 -0500] "GET /vendor/chart.js/Chart.min.js HTTP/1.1" 304 -
::1 - - [18/Dec/2019:15:01:29 -0500] "GET /vendor/datatables/jquery.dataTables.js HTTP/1.1" 304 -
::1 - - [18/Dec/2019:15:01:29 -0500] "GET /vendor/datatables/dataTables.bootstrap4.js HTTP/1.1" 304 -
::1 - - [18/Dec/2019:15:01:29 -0500] "GET /js/sb-admin.min.js HTTP/1.1" 304 -
::1 - - [18/Dec/2019:15:01:29 -0500] "GET /js/demo/datatables-demo.js HTTP/1.1" 304 -
::1 - - [18/Dec/2019:15:01:29 -0500] "GET /js/demo/chart-area-demo.js HTTP/1.1" 304 -
::1 - - [18/Dec/2019:15:01:29 -0500] "GET /vendor/fontawesome-free/webfonts/fa-solid-900.woff2 HTTP/1.1" 304 -
::1 - - [18/Dec/2019:15:02:14 -0500] "GET /index.php HTTP/1.1" 200 5758
::1 - - [18/Dec/2019:15:02:14 -0500] "GET /js/main.js HTTP/1.1" 304 -
::1 - - [18/Dec/2019:15:02:14 -0500] "GET /css/main.css HTTP/1.1" 200 100
::1 - - [18/Dec/2019:15:03:15 -0500] "GET /temp.php HTTP/1.1" 200 13470
::1 - - [18/Dec/2019:15:06:13 -0500] "GET /temp.php HTTP/1.1" 200 13470
::1 - - [18/Dec/2019:15:09:29 -0500] "GET /temp.php HTTP/1.1" 200 11730
::1 - - [18/Dec/2019:15:09:29 -0500] "GET /css/main.css HTTP/1.1" 304 -
::1 - - [18/Dec/2019:15:09:31 -0500] "GET /temp.php HTTP/1.1" 200 11730
::1 - - [18/Dec/2019:15:21:41 -0500] "GET /index.php HTTP/1.1" 200 5506
::1 - - [18/Dec/2019:15:21:41 -0500] "GET /vendor/fontawesome-free/css/all.min.css HTTP/1.1" 304 -
::1 - - [18/Dec/2019:15:21:41 -0500] "GET /vendor/datatables/dataTables.bootstrap4.css HTTP/1.1" 304 -
::1 - - [18/Dec/2019:15:21:41 -0500] "GET /css/sb-admin.css HTTP/1.1" 304 -
::1 - - [18/Dec/2019:15:21:41 -0500] "GET /css/main.css HTTP/1.1" 304 -
::1 - - [18/Dec/2019:15:21:41 -0500] "GET /vendor/jquery/jquery.min.js HTTP/1.1" 304 -
::1 - - [18/Dec/2019:15:21:41 -0500] "GET /vendor/bootstrap/js/bootstrap.bundle.min.js HTTP/1.1" 304 -
::1 - - [18/Dec/2019:15:21:41 -0500] "GET /vendor/jquery-easing/jquery.easing.min.js HTTP/1.1" 304 -
::1 - - [18/Dec/2019:15:21:41 -0500] "GET /vendor/chart.js/Chart.min.js HTTP/1.1" 304 -
::1 - - [18/Dec/2019:15:21:41 -0500] "GET /vendor/datatables/jquery.dataTables.js HTTP/1.1" 304 -
::1 - - [18/Dec/2019:15:21:41 -0500] "GET /vendor/datatables/dataTables.bootstrap4.js HTTP/1.1" 304 -
::1 - - [18/Dec/2019:15:21:41 -0500] "GET /js/sb-admin.min.js HTTP/1.1" 304 -
::1 - - [18/Dec/2019:15:21:41 -0500] "GET /js/demo/datatables-demo.js HTTP/1.1" 304 -
::1 - - [18/Dec/2019:15:21:41 -0500] "GET /js/demo/chart-area-demo.js HTTP/1.1" 304 -
::1 - - [18/Dec/2019:15:21:41 -0500] "GET /vendor/fontawesome-free/webfonts/fa-solid-900.woff2 HTTP/1.1" 304 -
::1 - - [18/Dec/2019:15:22:14 -0500] "GET /index.php HTTP/1.1" 200 10462
::1 - - [18/Dec/2019:15:22:30 -0500] "GET /index.php HTTP/1.1" 200 10475
::1 - - [18/Dec/2019:15:28:59 -0500] "GET /index.php HTTP/1.1" 200 9613
::1 - - [18/Dec/2019:15:28:59 -0500] "GET /vendor/fontawesome-free/css/all.min.css HTTP/1.1" 304 -
::1 - - [18/Dec/2019:15:28:59 -0500] "GET /vendor/datatables/dataTables.bootstrap4.css HTTP/1.1" 304 -
::1 - - [18/Dec/2019:15:28:59 -0500] "GET /vendor/bootstrap/js/bootstrap.bundle.min.js HTTP/1.1" 304 -
::1 - - [18/Dec/2019:15:28:59 -0500] "GET /css/sb-admin.css HTTP/1.1" 304 -
::1 - - [18/Dec/2019:15:28:59 -0500] "GET /css/main.css HTTP/1.1" 304 -
::1 - - [18/Dec/2019:15:28:59 -0500] "GET /js/main.js HTTP/1.1" 304 -
::1 - - [18/Dec/2019:15:28:59 -0500] "GET /vendor/jquery/jquery.min.js HTTP/1.1" 304 -
::1 - - [18/Dec/2019:15:28:59 -0500] "GET /vendor/jquery-easing/jquery.easing.min.js HTTP/1.1" 304 -
::1 - - [18/Dec/2019:15:28:59 -0500] "GET /vendor/chart.js/Chart.min.js HTTP/1.1" 304 -
::1 - - [18/Dec/2019:15:28:59 -0500] "GET /vendor/datatables/jquery.dataTables.js HTTP/1.1" 304 -
::1 - - [18/Dec/2019:15:28:59 -0500] "GET /js/sb-admin.min.js HTTP/1.1" 304 -
::1 - - [18/Dec/2019:15:28:59 -0500] "GET /vendor/datatables/dataTables.bootstrap4.js HTTP/1.1" 304 -
::1 - - [18/Dec/2019:15:28:59 -0500] "GET /js/demo/datatables-demo.js HTTP/1.1" 304 -
::1 - - [18/Dec/2019:15:28:59 -0500] "GET /js/demo/chart-area-demo.js HTTP/1.1" 304 -
::1 - - [18/Dec/2019:15:28:59 -0500] "GET /vendor/fontawesome-free/webfonts/fa-solid-900.woff2 HTTP/1.1" 304 -
::1 - - [18/Dec/2019:15:31:02 -0500] "GET /index.php HTTP/1.1" 200 15288
::1 - - [18/Dec/2019:15:31:50 -0500] "GET /index.php HTTP/1.1" 200 11538
::1 - - [18/Dec/2019:16:01:04 -0500] "GET /index.php HTTP/1.1" 200 11541
::1 - - [18/Dec/2019:16:01:04 -0500] "GET /vendor/fontawesome-free/css/all.min.css HTTP/1.1" 304 -
::1 - - [18/Dec/2019:16:01:04 -0500] "GET /vendor/datatables/dataTables.bootstrap4.css HTTP/1.1" 304 -
::1 - - [18/Dec/2019:16:01:04 -0500] "GET /css/sb-admin.css HTTP/1.1" 304 -
::1 - - [18/Dec/2019:16:01:04 -0500] "GET /css/main.css HTTP/1.1" 304 -
::1 - - [18/Dec/2019:16:01:04 -0500] "GET /vendor/jquery/jquery.min.js HTTP/1.1" 304 -
::1 - - [18/Dec/2019:16:01:04 -0500] "GET /js/main.js HTTP/1.1" 304 -
::1 - - [18/Dec/2019:16:01:04 -0500] "GET /vendor/jquery-easing/jquery.easing.min.js HTTP/1.1" 304 -
::1 - - [18/Dec/2019:16:01:04 -0500] "GET /vendor/chart.js/Chart.min.js HTTP/1.1" 304 -
::1 - - [18/Dec/2019:16:01:04 -0500] "GET /vendor/bootstrap/js/bootstrap.bundle.min.js HTTP/1.1" 304 -
::1 - - [18/Dec/2019:16:01:04 -0500] "GET /vendor/datatables/jquery.dataTables.js HTTP/1.1" 304 -
::1 - - [18/Dec/2019:16:01:04 -0500] "GET /vendor/datatables/dataTables.bootstrap4.js HTTP/1.1" 304 -
::1 - - [18/Dec/2019:16:01:04 -0500] "GET /js/sb-admin.min.js HTTP/1.1" 304 -
::1 - - [18/Dec/2019:16:01:04 -0500] "GET /js/demo/datatables-demo.js HTTP/1.1" 304 -
::1 - - [18/Dec/2019:16:01:04 -0500] "GET /js/demo/chart-area-demo.js HTTP/1.1" 304 -
::1 - - [18/Dec/2019:16:01:04 -0500] "GET /vendor/fontawesome-free/webfonts/fa-solid-900.woff2 HTTP/1.1" 304 -
::1 - - [18/Dec/2019:16:02:05 -0500] "GET /index.php HTTP/1.1" 200 11550
::1 - - [18/Dec/2019:16:02:28 -0500] "GET /index.php HTTP/1.1" 200 11528
::1 - - [18/Dec/2019:16:02:29 -0500] "GET /index.php HTTP/1.1" 200 11528
::1 - - [18/Dec/2019:16:02:32 -0500] "GET /index.php HTTP/1.1" 200 11528
::1 - - [18/Dec/2019:16:02:33 -0500] "GET /index.php HTTP/1.1" 200 11528
::1 - - [18/Dec/2019:16:03:04 -0500] "GET /index.php HTTP/1.1" 200 11381
::1 - - [18/Dec/2019:16:03:06 -0500] "GET /index.php HTTP/1.1" 200 11381
::1 - - [18/Dec/2019:16:03:08 -0500] "GET /index.php HTTP/1.1" 200 11381
::1 - - [18/Dec/2019:16:03:09 -0500] "GET /index.php HTTP/1.1" 200 11381
::1 - - [18/Dec/2019:16:05:50 -0500] "GET /index.php HTTP/1.1" 200 12000
::1 - - [18/Dec/2019:16:05:57 -0500] "GET /index.php HTTP/1.1" 200 12132
::1 - - [18/Dec/2019:16:06:35 -0500] "GET /index.php HTTP/1.1" 200 12031
::1 - - [18/Dec/2019:16:08:25 -0500] "GET /index.php HTTP/1.1" 200 12165
::1 - - [18/Dec/2019:16:08:39 -0500] "GET /index.php HTTP/1.1" 200 12178
::1 - - [18/Dec/2019:16:12:10 -0500] "GET /index.php HTTP/1.1" 200 12180
::1 - - [18/Dec/2019:16:12:10 -0500] "GET /vendor/fontawesome-free/css/all.min.css HTTP/1.1" 304 -
::1 - - [18/Dec/2019:16:12:10 -0500] "GET /vendor/datatables/dataTables.bootstrap4.css HTTP/1.1" 304 -
::1 - - [18/Dec/2019:16:12:10 -0500] "GET /css/sb-admin.css HTTP/1.1" 304 -
::1 - - [18/Dec/2019:16:12:10 -0500] "GET /vendor/jquery/jquery.min.js HTTP/1.1" 304 -
::1 - - [18/Dec/2019:16:12:10 -0500] "GET /vendor/bootstrap/js/bootstrap.bundle.min.js HTTP/1.1" 304 -
::1 - - [18/Dec/2019:16:12:10 -0500] "GET /vendor/jquery-easing/jquery.easing.min.js HTTP/1.1" 304 -
::1 - - [18/Dec/2019:16:12:10 -0500] "GET /vendor/chart.js/Chart.min.js HTTP/1.1" 304 -
::1 - - [18/Dec/2019:16:12:10 -0500] "GET /vendor/datatables/jquery.dataTables.js HTTP/1.1" 304 -
::1 - - [18/Dec/2019:16:12:10 -0500] "GET /vendor/datatables/dataTables.bootstrap4.js HTTP/1.1" 304 -
::1 - - [18/Dec/2019:16:12:10 -0500] "GET /js/sb-admin.min.js HTTP/1.1" 304 -
::1 - - [18/Dec/2019:16:12:10 -0500] "GET /js/demo/chart-area-demo.js HTTP/1.1" 304 -
::1 - - [18/Dec/2019:16:12:10 -0500] "GET /js/demo/datatables-demo.js HTTP/1.1" 304 -
::1 - - [18/Dec/2019:16:24:00 -0500] "GET /index.php HTTP/1.1" 200 12119
::1 - - [18/Dec/2019:16:24:00 -0500] "GET /vendor/fontawesome-free/css/all.min.css HTTP/1.1" 304 -
::1 - - [18/Dec/2019:16:24:00 -0500] "GET /vendor/datatables/dataTables.bootstrap4.css HTTP/1.1" 304 -
::1 - - [18/Dec/2019:16:24:00 -0500] "GET /css/sb-admin.css HTTP/1.1" 304 -
::1 - - [18/Dec/2019:16:24:00 -0500] "GET /css/main.css HTTP/1.1" 304 -
::1 - - [18/Dec/2019:16:24:00 -0500] "GET /vendor/jquery/jquery.min.js HTTP/1.1" 304 -
::1 - - [18/Dec/2019:16:24:00 -0500] "GET /vendor/bootstrap/js/bootstrap.bundle.min.js HTTP/1.1" 304 -
::1 - - [18/Dec/2019:16:24:00 -0500] "GET /vendor/jquery-easing/jquery.easing.min.js HTTP/1.1" 304 -
::1 - - [18/Dec/2019:16:24:00 -0500] "GET /vendor/datatables/jquery.dataTables.js HTTP/1.1" 304 -
::1 - - [18/Dec/2019:16:24:00 -0500] "GET /vendor/chart.js/Chart.min.js HTTP/1.1" 304 -
::1 - - [18/Dec/2019:16:24:00 -0500] "GET /vendor/datatables/dataTables.bootstrap4.js HTTP/1.1" 304 -
::1 - - [18/Dec/2019:16:24:00 -0500] "GET /js/sb-admin.min.js HTTP/1.1" 304 -
::1 - - [18/Dec/2019:16:24:00 -0500] "GET /js/demo/datatables-demo.js HTTP/1.1" 304 -
::1 - - [18/Dec/2019:16:24:00 -0500] "GET /js/demo/chart-area-demo.js HTTP/1.1" 304 -
::1 - - [18/Dec/2019:16:24:00 -0500] "GET /vendor/fontawesome-free/webfonts/fa-solid-900.woff2 HTTP/1.1" 304 -
::1 - - [18/Dec/2019:16:24:26 -0500] "GET /index.php HTTP/1.1" 200 12128
::1 - - [18/Dec/2019:16:25:11 -0500] "GET /index.php HTTP/1.1" 200 12176
::1 - - [18/Dec/2019:16:26:04 -0500] "GET /index.php HTTP/1.1" 200 12299
::1 - - [18/Dec/2019:16:26:29 -0500] "GET /action_page.php?myFile= HTTP/1.1" 404 196
::1 - - [18/Dec/2019:16:26:51 -0500] "GET /index.php HTTP/1.1" 200 12119
::1 - - [18/Dec/2019:16:27:07 -0500] "GET /index.php HTTP/1.1" 200 12142
::1 - - [18/Dec/2019:16:27:33 -0500] "GET /index.php HTTP/1.1" 200 12162
::1 - - [18/Dec/2019:16:37:34 -0500] "GET /index.php HTTP/1.1" 200 12334
::1 - - [18/Dec/2019:16:37:34 -0500] "GET /vendor/fontawesome-free/css/all.min.css HTTP/1.1" 304 -
::1 - - [18/Dec/2019:16:37:34 -0500] "GET /vendor/datatables/dataTables.bootstrap4.css HTTP/1.1" 304 -
::1 - - [18/Dec/2019:16:37:34 -0500] "GET /css/sb-admin.css HTTP/1.1" 304 -
::1 - - [18/Dec/2019:16:37:34 -0500] "GET /css/main.css HTTP/1.1" 304 -
::1 - - [18/Dec/2019:16:37:34 -0500] "GET /js/main.js HTTP/1.1" 200 616
::1 - - [18/Dec/2019:16:37:34 -0500] "GET /vendor/jquery/jquery.min.js HTTP/1.1" 304 -
::1 - - [18/Dec/2019:16:37:34 -0500] "GET /vendor/bootstrap/js/bootstrap.bundle.min.js HTTP/1.1" 304 -
::1 - - [18/Dec/2019:16:37:34 -0500] "GET /vendor/chart.js/Chart.min.js HTTP/1.1" 304 -
::1 - - [18/Dec/2019:16:37:34 -0500] "GET /vendor/jquery-easing/jquery.easing.min.js HTTP/1.1" 304 -
::1 - - [18/Dec/2019:16:37:34 -0500] "GET /vendor/datatables/jquery.dataTables.js HTTP/1.1" 304 -
::1 - - [18/Dec/2019:16:37:34 -0500] "GET /vendor/datatables/dataTables.bootstrap4.js HTTP/1.1" 304 -
::1 - - [18/Dec/2019:16:37:34 -0500] "GET /js/sb-admin.min.js HTTP/1.1" 304 -
::1 - - [18/Dec/2019:16:37:34 -0500] "GET /js/demo/datatables-demo.js HTTP/1.1" 304 -
::1 - - [18/Dec/2019:16:37:34 -0500] "GET /js/demo/chart-area-demo.js HTTP/1.1" 304 -
::1 - - [18/Dec/2019:16:37:34 -0500] "GET /vendor/fontawesome-free/webfonts/fa-solid-900.woff2 HTTP/1.1" 304 -
::1 - - [18/Dec/2019:16:39:09 -0500] "GET /index.php HTTP/1.1" 200 12334
::1 - - [18/Dec/2019:16:39:09 -0500] "GET /js/main.js HTTP/1.1" 200 1139
::1 - - [18/Dec/2019:16:41:06 -0500] "GET /index.php HTTP/1.1" 200 12374
::1 - - [18/Dec/2019:16:41:06 -0500] "GET /js/main.js HTTP/1.1" 200 1139
::1 - - [18/Dec/2019:16:41:17 -0500] "GET /index.php HTTP/1.1" 200 12402
::1 - - [18/Dec/2019:16:41:17 -0500] "GET /js/main.js HTTP/1.1" 304 -
::1 - - [18/Dec/2019:16:43:58 -0500] "GET /vendor/bootstrap/js/bootstrap.bundle.min.js.map HTTP/1.1" 304 -
::1 - - [18/Dec/2019:16:44:01 -0500] "GET /index.php HTTP/1.1" 200 12374
::1 - - [18/Dec/2019:16:44:01 -0500] "GET /js/main.js HTTP/1.1" 200 618
::1 - - [18/Dec/2019:16:44:13 -0500] "GET /index.php HTTP/1.1" 200 12334
::1 - - [18/Dec/2019:16:44:13 -0500] "GET /js/main.js HTTP/1.1" 304 -
::1 - - [18/Dec/2019:16:44:40 -0500] "GET /index.php HTTP/1.1" 200 12310
::1 - - [18/Dec/2019:16:44:40 -0500] "GET /js/main.js HTTP/1.1" 304 -
::1 - - [18/Dec/2019:16:47:01 -0500] "GET /index.php HTTP/1.1" 200 12310
::1 - - [18/Dec/2019:16:47:01 -0500] "GET /js/main.js HTTP/1.1" 304 -
::1 - - [18/Dec/2019:16:48:04 -0500] "GET /index.php HTTP/1.1" 200 12343
::1 - - [18/Dec/2019:16:48:04 -0500] "GET /js/main.js HTTP/1.1" 304 -
::1 - - [18/Dec/2019:16:48:40 -0500] "GET /index.php HTTP/1.1" 200 12352
::1 - - [18/Dec/2019:16:48:40 -0500] "GET /js/main.js HTTP/1.1" 304 -
::1 - - [18/Dec/2019:16:48:54 -0500] "GET /index.php HTTP/1.1" 200 12352
::1 - - [18/Dec/2019:16:49:08 -0500] "GET /index.php HTTP/1.1" 200 12361
::1 - - [18/Dec/2019:16:51:22 -0500] "GET /index.php HTTP/1.1" 200 12361
::1 - - [18/Dec/2019:16:51:22 -0500] "GET /js/main.js HTTP/1.1" 304 -
::1 - - [18/Dec/2019:16:53:31 -0500] "GET /index.php HTTP/1.1" 200 12361
::1 - - [18/Dec/2019:16:53:31 -0500] "GET /vendor/fontawesome-free/css/all.min.css HTTP/1.1" 304 -
::1 - - [18/Dec/2019:16:53:31 -0500] "GET /vendor/datatables/dataTables.bootstrap4.css HTTP/1.1" 304 -
::1 - - [18/Dec/2019:16:53:31 -0500] "GET /css/sb-admin.css HTTP/1.1" 304 -
::1 - - [18/Dec/2019:16:53:31 -0500] "GET /css/main.css HTTP/1.1" 304 -
::1 - - [18/Dec/2019:16:53:31 -0500] "GET /js/main.js HTTP/1.1" 200 611
::1 - - [18/Dec/2019:16:53:31 -0500] "GET /vendor/jquery/jquery.min.js HTTP/1.1" 304 -
::1 - - [18/Dec/2019:16:53:31 -0500] "GET /vendor/bootstrap/js/bootstrap.bundle.min.js HTTP/1.1" 304 -
::1 - - [18/Dec/2019:16:53:31 -0500] "GET /vendor/jquery-easing/jquery.easing.min.js HTTP/1.1" 304 -
::1 - - [18/Dec/2019:16:53:31 -0500] "GET /vendor/datatables/jquery.dataTables.js HTTP/1.1" 304 -
::1 - - [18/Dec/2019:16:53:31 -0500] "GET /vendor/datatables/dataTables.bootstrap4.js HTTP/1.1" 304 -
::1 - - [18/Dec/2019:16:53:31 -0500] "GET /js/sb-admin.min.js HTTP/1.1" 304 -
::1 - - [18/Dec/2019:16:53:31 -0500] "GET /js/demo/datatables-demo.js HTTP/1.1" 304 -
::1 - - [18/Dec/2019:16:53:31 -0500] "GET /vendor/fontawesome-free/webfonts/fa-solid-900.woff2 HTTP/1.1" 304 -
::1 - - [18/Dec/2019:16:54:50 -0500] "GET /index.php HTTP/1.1" 200 12361
::1 - - [18/Dec/2019:16:54:50 -0500] "GET /js/main.js HTTP/1.1" 200 622
::1 - - [18/Dec/2019:16:57:12 -0500] "GET /index.php HTTP/1.1" 200 12361
::1 - - [18/Dec/2019:16:57:12 -0500] "GET /js/main.js HTTP/1.1" 200 2205
::1 - - [18/Dec/2019:16:58:49 -0500] "GET /index.php HTTP/1.1" 200 12361
::1 - - [18/Dec/2019:16:58:49 -0500] "GET /js/main.js HTTP/1.1" 200 622
::1 - - [18/Dec/2019:16:58:49 -0500] "GET /vendor/bootstrap/js/bootstrap.bundle.min.js.map HTTP/1.1" 304 -
::1 - - [18/Dec/2019:17:03:16 -0500] "GET /index.php HTTP/1.1" 200 12496
::1 - - [18/Dec/2019:17:03:16 -0500] "GET /js/main.js HTTP/1.1" 200 1166
::1 - - [18/Dec/2019:17:04:40 -0500] "GET /index.php HTTP/1.1" 200 12324
::1 - - [18/Dec/2019:17:04:40 -0500] "GET /js/main.js HTTP/1.1" 304 -
::1 - - [18/Dec/2019:17:06:47 -0500] "GET /index.php HTTP/1.1" 200 12348
::1 - - [18/Dec/2019:17:06:47 -0500] "GET /js/main.js HTTP/1.1" 304 -
::1 - - [18/Dec/2019:17:06:54 -0500] "GET /index.php HTTP/1.1" 200 12324
::1 - - [18/Dec/2019:17:08:27 -0500] "GET /index.php HTTP/1.1" 200 12365
::1 - - [18/Dec/2019:17:08:27 -0500] "GET /js/main.js HTTP/1.1" 304 -
::1 - - [18/Dec/2019:17:08:58 -0500] "GET /index.php HTTP/1.1" 200 12387
::1 - - [18/Dec/2019:17:09:41 -0500] "GET /index.php HTTP/1.1" 200 12356
::1 - - [18/Dec/2019:17:09:41 -0500] "GET /vendor/fontawesome-free/css/all.min.css HTTP/1.1" 304 -
::1 - - [18/Dec/2019:17:09:41 -0500] "GET /vendor/datatables/dataTables.bootstrap4.css HTTP/1.1" 304 -
::1 - - [18/Dec/2019:17:09:41 -0500] "GET /css/sb-admin.css HTTP/1.1" 304 -
::1 - - [18/Dec/2019:17:09:41 -0500] "GET /js/main.js HTTP/1.1" 304 -
::1 - - [18/Dec/2019:17:09:41 -0500] "GET /vendor/jquery/jquery.min.js HTTP/1.1" 304 -
::1 - - [18/Dec/2019:17:09:41 -0500] "GET /vendor/bootstrap/js/bootstrap.bundle.min.js HTTP/1.1" 304 -
::1 - - [18/Dec/2019:17:09:41 -0500] "GET /vendor/jquery-easing/jquery.easing.min.js HTTP/1.1" 304 -
::1 - - [18/Dec/2019:17:09:41 -0500] "GET /vendor/datatables/jquery.dataTables.js HTTP/1.1" 304 -
::1 - - [18/Dec/2019:17:09:41 -0500] "GET /vendor/datatables/dataTables.bootstrap4.js HTTP/1.1" 304 -
::1 - - [18/Dec/2019:17:09:41 -0500] "GET /js/sb-admin.min.js HTTP/1.1" 304 -
::1 - - [18/Dec/2019:17:09:41 -0500] "GET /js/demo/datatables-demo.js HTTP/1.1" 304 -
::1 - - [18/Dec/2019:17:09:41 -0500] "GET /vendor/fontawesome-free/webfonts/fa-solid-900.woff2 HTTP/1.1" 304 -
::1 - - [18/Dec/2019:17:17:42 -0500] "GET /index.php HTTP/1.1" 200 12441
::1 - - [18/Dec/2019:17:17:42 -0500] "GET /js/main.js HTTP/1.1" 304 -
::1 - - [18/Dec/2019:17:17:42 -0500] "GET /css/main.css HTTP/1.1" 304 -
::1 - - [18/Dec/2019:17:17:42 -0500] "GET /vendor/bootstrap/js/bootstrap.bundle.min.js.map HTTP/1.1" 304 -
::1 - - [18/Dec/2019:17:18:10 -0500] "GET /index.php HTTP/1.1" 200 6739
::1 - - [18/Dec/2019:17:19:39 -0500] "GET /index.php HTTP/1.1" 200 12513
::1 - - [18/Dec/2019:17:19:39 -0500] "GET /js/main.js HTTP/1.1" 304 -
::1 - - [18/Dec/2019:17:20:30 -0500] "GET /index.php HTTP/1.1" 200 12561
::1 - - [18/Dec/2019:17:27:14 -0500] "GET /index.php HTTP/1.1" 200 12381
::1 - - [18/Dec/2019:17:27:14 -0500] "GET /vendor/fontawesome-free/css/all.min.css HTTP/1.1" 304 -
::1 - - [18/Dec/2019:17:27:14 -0500] "GET /vendor/datatables/dataTables.bootstrap4.css HTTP/1.1" 304 -
::1 - - [18/Dec/2019:17:27:14 -0500] "GET /css/sb-admin.css HTTP/1.1" 304 -
::1 - - [18/Dec/2019:17:27:14 -0500] "GET /js/main.js HTTP/1.1" 304 -
::1 - - [18/Dec/2019:17:27:14 -0500] "GET /vendor/jquery/jquery.min.js HTTP/1.1" 304 -
::1 - - [18/Dec/2019:17:27:14 -0500] "GET /vendor/bootstrap/js/bootstrap.bundle.min.js HTTP/1.1" 304 -
::1 - - [18/Dec/2019:17:27:14 -0500] "GET /vendor/jquery-easing/jquery.easing.min.js HTTP/1.1" 304 -
::1 - - [18/Dec/2019:17:27:14 -0500] "GET /vendor/datatables/jquery.dataTables.js HTTP/1.1" 304 -
::1 - - [18/Dec/2019:17:27:14 -0500] "GET /vendor/datatables/dataTables.bootstrap4.js HTTP/1.1" 304 -
::1 - - [18/Dec/2019:17:27:15 -0500] "GET /js/sb-admin.min.js HTTP/1.1" 304 -
::1 - - [18/Dec/2019:17:27:15 -0500] "GET /js/demo/datatables-demo.js HTTP/1.1" 304 -
::1 - - [18/Dec/2019:17:27:15 -0500] "GET /vendor/fontawesome-free/webfonts/fa-solid-900.woff2 HTTP/1.1" 304 -
::1 - - [18/Dec/2019:17:28:10 -0500] "GET /index.php HTTP/1.1" 200 12428
::1 - - [18/Dec/2019:17:34:47 -0500] "GET /index.php HTTP/1.1" 200 12428
::1 - - [18/Dec/2019:17:34:47 -0500] "GET /js/main.js HTTP/1.1" 200 1404
::1 - - [18/Dec/2019:17:35:04 -0500] "GET /index.php HTTP/1.1" 200 12428
::1 - - [18/Dec/2019:17:35:04 -0500] "GET /js/main.js HTTP/1.1" 200 1412
::1 - - [18/Dec/2019:17:37:33 -0500] "GET /index.php HTTP/1.1" 200 12428
::1 - - [18/Dec/2019:17:37:33 -0500] "GET /js/main.js HTTP/1.1" 200 1290
::1 - - [18/Dec/2019:17:37:33 -0500] "GET /css/main.css HTTP/1.1" 304 -
::1 - - [18/Dec/2019:17:37:33 -0500] "GET /vendor/bootstrap/js/bootstrap.bundle.min.js.map HTTP/1.1" 304 -
::1 - - [18/Dec/2019:17:40:14 -0500] "GET /index.php HTTP/1.1" 200 12428
::1 - - [18/Dec/2019:17:40:14 -0500] "GET /js/main.js HTTP/1.1" 200 1569
::1 - - [18/Dec/2019:17:42:18 -0500] "GET /index.php HTTP/1.1" 200 12428
::1 - - [18/Dec/2019:17:42:18 -0500] "GET /js/main.js HTTP/1.1" 200 1397
::1 - - [18/Dec/2019:17:42:28 -0500] "GET /index.php HTTP/1.1" 200 12428
::1 - - [18/Dec/2019:17:42:28 -0500] "GET /vendor/fontawesome-free/css/all.min.css HTTP/1.1" 200 55967
::1 - - [18/Dec/2019:17:42:28 -0500] "GET /vendor/datatables/dataTables.bootstrap4.css HTTP/1.1" 200 5799
::1 - - [18/Dec/2019:17:42:28 -0500] "GET /js/main.js HTTP/1.1" 200 1397
::1 - - [18/Dec/2019:17:42:28 -0500] "GET /css/main.css HTTP/1.1" 200 100
::1 - - [18/Dec/2019:17:42:28 -0500] "GET /vendor/jquery/jquery.min.js HTTP/1.1" 200 88145
::1 - - [18/Dec/2019:17:42:28 -0500] "GET /css/sb-admin.css HTTP/1.1" 200 219809
::1 - - [18/Dec/2019:17:42:28 -0500] "GET /vendor/bootstrap/js/bootstrap.bundle.min.js HTTP/1.1" 200 78635
::1 - - [18/Dec/2019:17:42:28 -0500] "GET /vendor/datatables/dataTables.bootstrap4.js HTTP/1.1" 200 4693
::1 - - [18/Dec/2019:17:42:28 -0500] "GET /vendor/datatables/jquery.dataTables.js HTTP/1.1" 200 447569
::1 - - [18/Dec/2019:17:42:28 -0500] "GET /js/sb-admin.min.js HTTP/1.1" 200 930
::1 - - [18/Dec/2019:17:42:28 -0500] "GET /vendor/jquery-easing/jquery.easing.min.js HTTP/1.1" 200 2532
::1 - - [18/Dec/2019:17:42:28 -0500] "GET /js/demo/datatables-demo.js HTTP/1.1" 200 103
::1 - - [18/Dec/2019:17:42:28 -0500] "GET /vendor/fontawesome-free/webfonts/fa-regular-400.eot? HTTP/1.1" 200 34388
::1 - - [18/Dec/2019:17:42:28 -0500] "GET /vendor/fontawesome-free/webfonts/fa-solid-900.eot? HTTP/1.1" 200 192116
::1 - - [18/Dec/2019:17:42:28 -0500] "GET /favicon.ico HTTP/1.1" 404 196
::1 - - [18/Dec/2019:17:44:56 -0500] "GET /index.php HTTP/1.1" 200 12386
::1 - - [18/Dec/2019:17:44:56 -0500] "GET /js/main.js HTTP/1.1" 200 1168
::1 - - [18/Dec/2019:17:45:39 -0500] "GET /index.php HTTP/1.1" 200 12396
::1 - - [18/Dec/2019:17:45:39 -0500] "GET /js/main.js HTTP/1.1" 304 -
::1 - - [18/Dec/2019:17:46:01 -0500] "GET /index.php HTTP/1.1" 200 12408
::1 - - [18/Dec/2019:17:46:01 -0500] "GET /js/main.js HTTP/1.1" 304 -
